{"/Users/salvatore.bonaccorso/Documents/Versioning/models/user.js":{"path":"/Users/salvatore.bonaccorso/Documents/Versioning/models/user.js","s":{"1":1,"2":1,"3":1,"4":1},"b":{},"f":{},"fnMap":{},"statementMap":{"1":{"start":{"line":1,"column":0},"end":{"line":1,"column":37}},"2":{"start":{"line":3,"column":0},"end":{"line":9,"column":3}},"3":{"start":{"line":11,"column":0},"end":{"line":11,"column":46}},"4":{"start":{"line":13,"column":0},"end":{"line":13,"column":22}}},"branchMap":{}},"/Users/salvatore.bonaccorso/Documents/Versioning/app.js":{"path":"/Users/salvatore.bonaccorso/Documents/Versioning/app.js","s":{"1":1,"2":1,"3":1,"4":1,"5":1,"6":1,"7":1,"8":1,"9":1,"10":1,"11":1,"12":1,"13":1,"14":0,"15":1,"16":1,"17":1,"18":1,"19":1},"b":{},"f":{"1":0,"2":1},"fnMap":{"1":{"name":"(anonymous_1)","line":21,"loc":{"start":{"line":21,"column":15},"end":{"line":21,"column":26}}},"2":{"name":"(anonymous_2)","line":24,"loc":{"start":{"line":24,"column":16},"end":{"line":24,"column":27}}}},"statementMap":{"1":{"start":{"line":2,"column":0},"end":{"line":2,"column":29}},"2":{"start":{"line":4,"column":0},"end":{"line":4,"column":40}},"3":{"start":{"line":6,"column":0},"end":{"line":6,"column":16}},"4":{"start":{"line":7,"column":0},"end":{"line":7,"column":27}},"5":{"start":{"line":8,"column":0},"end":{"line":8,"column":51}},"6":{"start":{"line":10,"column":0},"end":{"line":10,"column":37}},"7":{"start":{"line":11,"column":0},"end":{"line":11,"column":24}},"8":{"start":{"line":14,"column":0},"end":{"line":14,"column":25}},"9":{"start":{"line":15,"column":0},"end":{"line":15,"column":28}},"10":{"start":{"line":17,"column":0},"end":{"line":17,"column":37}},"11":{"start":{"line":18,"column":0},"end":{"line":18,"column":52}},"12":{"start":{"line":20,"column":0},"end":{"line":20,"column":29}},"13":{"start":{"line":21,"column":0},"end":{"line":23,"column":3}},"14":{"start":{"line":22,"column":0},"end":{"line":22,"column":34}},"15":{"start":{"line":24,"column":0},"end":{"line":26,"column":3}},"16":{"start":{"line":25,"column":0},"end":{"line":25,"column":35}},"17":{"start":{"line":29,"column":0},"end":{"line":29,"column":36}},"18":{"start":{"line":31,"column":0},"end":{"line":31,"column":17}},"19":{"start":{"line":33,"column":0},"end":{"line":33,"column":21}}},"branchMap":{}},"/Users/salvatore.bonaccorso/Documents/Versioning/routes/user.js":{"path":"/Users/salvatore.bonaccorso/Documents/Versioning/routes/user.js","s":{"1":1,"2":1,"3":1,"4":1,"5":1,"6":1,"7":1,"8":0,"9":1,"10":1,"11":1,"12":1,"13":1,"14":0,"15":1,"16":1,"17":1,"18":1,"19":0,"20":1,"21":0,"22":1,"23":1,"24":1,"25":1,"26":0,"27":1,"28":0,"29":1,"30":0,"31":0,"32":1,"33":1,"34":0,"35":1,"36":1,"37":1,"38":1,"39":0,"40":1,"41":0,"42":1,"43":1,"44":0,"45":1,"46":1},"b":{"1":[0,1],"2":[0,1],"3":[0,1],"4":[0,1],"5":[0,1],"6":[0,1],"7":[0,0],"8":[0,1],"9":[0,1],"10":[0,1],"11":[0,1]},"f":{"1":1,"2":1,"3":1,"4":1,"5":1,"6":1,"7":1,"8":1,"9":1,"10":1,"11":1,"12":1},"fnMap":{"1":{"name":"(anonymous_1)","line":7,"loc":{"start":{"line":7,"column":16},"end":{"line":7,"column":35}}},"2":{"name":"(anonymous_2)","line":8,"loc":{"start":{"line":8,"column":14},"end":{"line":8,"column":35}}},"3":{"name":"(anonymous_3)","line":22,"loc":{"start":{"line":22,"column":4},"end":{"line":22,"column":23}}},"4":{"name":"(anonymous_4)","line":24,"loc":{"start":{"line":24,"column":17},"end":{"line":24,"column":31}}},"5":{"name":"(anonymous_5)","line":31,"loc":{"start":{"line":31,"column":19},"end":{"line":31,"column":38}}},"6":{"name":"(anonymous_6)","line":32,"loc":{"start":{"line":32,"column":39},"end":{"line":32,"column":59}}},"7":{"name":"(anonymous_7)","line":40,"loc":{"start":{"line":40,"column":19},"end":{"line":40,"column":38}}},"8":{"name":"(anonymous_8)","line":42,"loc":{"start":{"line":42,"column":14},"end":{"line":42,"column":34}}},"9":{"name":"(anonymous_9)","line":52,"loc":{"start":{"line":52,"column":18},"end":{"line":52,"column":32}}},"10":{"name":"(anonymous_10)","line":60,"loc":{"start":{"line":60,"column":22},"end":{"line":60,"column":41}}},"11":{"name":"(anonymous_11)","line":62,"loc":{"start":{"line":62,"column":10},"end":{"line":62,"column":30}}},"12":{"name":"(anonymous_12)","line":65,"loc":{"start":{"line":65,"column":42},"end":{"line":65,"column":56}}}},"statementMap":{"1":{"start":{"line":1,"column":0},"end":{"line":1,"column":33}},"2":{"start":{"line":2,"column":0},"end":{"line":2,"column":30}},"3":{"start":{"line":3,"column":0},"end":{"line":3,"column":51}},"4":{"start":{"line":4,"column":0},"end":{"line":4,"column":37}},"5":{"start":{"line":7,"column":0},"end":{"line":12,"column":3}},"6":{"start":{"line":8,"column":4},"end":{"line":11,"column":7}},"7":{"start":{"line":9,"column":8},"end":{"line":9,"column":59}},"8":{"start":{"line":9,"column":17},"end":{"line":9,"column":59}},"9":{"start":{"line":10,"column":8},"end":{"line":10,"column":24}},"10":{"start":{"line":15,"column":0},"end":{"line":28,"column":3}},"11":{"start":{"line":23,"column":4},"end":{"line":23,"column":39}},"12":{"start":{"line":24,"column":4},"end":{"line":27,"column":7}},"13":{"start":{"line":25,"column":8},"end":{"line":25,"column":59}},"14":{"start":{"line":25,"column":17},"end":{"line":25,"column":59}},"15":{"start":{"line":26,"column":8},"end":{"line":26,"column":38}},"16":{"start":{"line":31,"column":0},"end":{"line":37,"column":3}},"17":{"start":{"line":32,"column":4},"end":{"line":36,"column":7}},"18":{"start":{"line":33,"column":8},"end":{"line":33,"column":59}},"19":{"start":{"line":33,"column":17},"end":{"line":33,"column":59}},"20":{"start":{"line":34,"column":8},"end":{"line":34,"column":80}},"21":{"start":{"line":34,"column":19},"end":{"line":34,"column":80}},"22":{"start":{"line":35,"column":8},"end":{"line":35,"column":23}},"23":{"start":{"line":40,"column":0},"end":{"line":57,"column":3}},"24":{"start":{"line":41,"column":4},"end":{"line":56,"column":7}},"25":{"start":{"line":43,"column":8},"end":{"line":43,"column":59}},"26":{"start":{"line":43,"column":17},"end":{"line":43,"column":59}},"27":{"start":{"line":44,"column":8},"end":{"line":46,"column":9}},"28":{"start":{"line":45,"column":12},"end":{"line":45,"column":73}},"29":{"start":{"line":47,"column":8},"end":{"line":51,"column":9}},"30":{"start":{"line":48,"column":12},"end":{"line":50,"column":13}},"31":{"start":{"line":49,"column":16},"end":{"line":49,"column":42}},"32":{"start":{"line":52,"column":8},"end":{"line":55,"column":11}},"33":{"start":{"line":53,"column":12},"end":{"line":53,"column":63}},"34":{"start":{"line":53,"column":21},"end":{"line":53,"column":63}},"35":{"start":{"line":54,"column":12},"end":{"line":54,"column":27}},"36":{"start":{"line":60,"column":0},"end":{"line":70,"column":3}},"37":{"start":{"line":61,"column":4},"end":{"line":69,"column":7}},"38":{"start":{"line":63,"column":8},"end":{"line":63,"column":59}},"39":{"start":{"line":63,"column":17},"end":{"line":63,"column":59}},"40":{"start":{"line":64,"column":8},"end":{"line":64,"column":80}},"41":{"start":{"line":64,"column":19},"end":{"line":64,"column":80}},"42":{"start":{"line":65,"column":8},"end":{"line":68,"column":11}},"43":{"start":{"line":66,"column":12},"end":{"line":66,"column":63}},"44":{"start":{"line":66,"column":21},"end":{"line":66,"column":63}},"45":{"start":{"line":67,"column":12},"end":{"line":67,"column":66}},"46":{"start":{"line":72,"column":0},"end":{"line":72,"column":24}}},"branchMap":{"1":{"line":9,"type":"if","locations":[{"start":{"line":9,"column":8},"end":{"line":9,"column":8}},{"start":{"line":9,"column":8},"end":{"line":9,"column":8}}]},"2":{"line":25,"type":"if","locations":[{"start":{"line":25,"column":8},"end":{"line":25,"column":8}},{"start":{"line":25,"column":8},"end":{"line":25,"column":8}}]},"3":{"line":33,"type":"if","locations":[{"start":{"line":33,"column":8},"end":{"line":33,"column":8}},{"start":{"line":33,"column":8},"end":{"line":33,"column":8}}]},"4":{"line":34,"type":"if","locations":[{"start":{"line":34,"column":8},"end":{"line":34,"column":8}},{"start":{"line":34,"column":8},"end":{"line":34,"column":8}}]},"5":{"line":43,"type":"if","locations":[{"start":{"line":43,"column":8},"end":{"line":43,"column":8}},{"start":{"line":43,"column":8},"end":{"line":43,"column":8}}]},"6":{"line":44,"type":"if","locations":[{"start":{"line":44,"column":8},"end":{"line":44,"column":8}},{"start":{"line":44,"column":8},"end":{"line":44,"column":8}}]},"7":{"line":48,"type":"if","locations":[{"start":{"line":48,"column":12},"end":{"line":48,"column":12}},{"start":{"line":48,"column":12},"end":{"line":48,"column":12}}]},"8":{"line":53,"type":"if","locations":[{"start":{"line":53,"column":12},"end":{"line":53,"column":12}},{"start":{"line":53,"column":12},"end":{"line":53,"column":12}}]},"9":{"line":63,"type":"if","locations":[{"start":{"line":63,"column":8},"end":{"line":63,"column":8}},{"start":{"line":63,"column":8},"end":{"line":63,"column":8}}]},"10":{"line":64,"type":"if","locations":[{"start":{"line":64,"column":8},"end":{"line":64,"column":8}},{"start":{"line":64,"column":8},"end":{"line":64,"column":8}}]},"11":{"line":66,"type":"if","locations":[{"start":{"line":66,"column":12},"end":{"line":66,"column":12}},{"start":{"line":66,"column":12},"end":{"line":66,"column":12}}]}}}}