TN:
SF:/Users/salvatore.bonaccorso/Documents/Versioning/app.js
FN:21,(anonymous_1)
FN:24,(anonymous_2)
FNF:2
FNH:1
FNDA:0,(anonymous_1)
FNDA:1,(anonymous_2)
DA:2,1
DA:4,1
DA:6,1
DA:7,1
DA:8,1
DA:10,1
DA:11,1
DA:14,1
DA:15,1
DA:17,1
DA:18,1
DA:20,1
DA:21,1
DA:22,0
DA:24,1
DA:25,1
DA:29,1
DA:31,1
DA:33,1
LF:19
LH:18
BRF:0
BRH:0
end_of_record
TN:
SF:/Users/salvatore.bonaccorso/Documents/Versioning/routes/user.js
FN:7,(anonymous_1)
FN:8,(anonymous_2)
FN:22,(anonymous_3)
FN:24,(anonymous_4)
FN:31,(anonymous_5)
FN:32,(anonymous_6)
FN:40,(anonymous_7)
FN:42,(anonymous_8)
FN:52,(anonymous_9)
FN:60,(anonymous_10)
FN:62,(anonymous_11)
FN:65,(anonymous_12)
FNF:12
FNH:12
FNDA:1,(anonymous_1)
FNDA:1,(anonymous_2)
FNDA:1,(anonymous_3)
FNDA:1,(anonymous_4)
FNDA:1,(anonymous_5)
FNDA:1,(anonymous_6)
FNDA:1,(anonymous_7)
FNDA:1,(anonymous_8)
FNDA:1,(anonymous_9)
FNDA:1,(anonymous_10)
FNDA:1,(anonymous_11)
FNDA:1,(anonymous_12)
DA:1,1
DA:2,1
DA:3,1
DA:4,1
DA:7,1
DA:8,1
DA:9,1
DA:10,1
DA:15,1
DA:23,1
DA:24,1
DA:25,1
DA:26,1
DA:31,1
DA:32,1
DA:33,1
DA:34,1
DA:35,1
DA:40,1
DA:41,1
DA:43,1
DA:44,1
DA:45,0
DA:47,1
DA:48,0
DA:49,0
DA:52,1
DA:53,1
DA:54,1
DA:60,1
DA:61,1
DA:63,1
DA:64,1
DA:65,1
DA:66,1
DA:67,1
DA:72,1
LF:37
LH:34
BRDA:9,1,0,0
BRDA:9,1,1,1
BRDA:25,2,0,0
BRDA:25,2,1,1
BRDA:33,3,0,0
BRDA:33,3,1,1
BRDA:34,4,0,0
BRDA:34,4,1,1
BRDA:43,5,0,0
BRDA:43,5,1,1
BRDA:44,6,0,0
BRDA:44,6,1,1
BRDA:48,7,0,0
BRDA:48,7,1,0
BRDA:53,8,0,0
BRDA:53,8,1,1
BRDA:63,9,0,0
BRDA:63,9,1,1
BRDA:64,10,0,0
BRDA:64,10,1,1
BRDA:66,11,0,0
BRDA:66,11,1,1
BRF:22
BRH:10
end_of_record
TN:
SF:/Users/salvatore.bonaccorso/Documents/Versioning/models/user.js
FNF:0
FNH:0
DA:1,1
DA:3,1
DA:11,1
DA:13,1
LF:4
LH:4
BRF:0
BRH:0
end_of_record
